Build started 1/7/2015 2:03:22 PM.
     1>Project "H:\CanBusTransceiverSolution\SCBProtocalWrapper\SCBProtocalWrapper.vcxproj" on node 2 (Rebuild target(s)).
     1>ClCompile:
         D:\Program Files (x86)\Microsoft Visual Studio 12.0\VC\bin\CL.exe /c /IH:\CanBusTransceiverSolution\CanBusTransceiver /I"E:\SCB develop\work\CanBusTransceiverSolution\CanBusChannel" /AI"C:\Program Files (x86)\Reference Assemblies\Microsoft\Framework\.NETFramework\v4.5\\" /AI"C:\Program Files (x86)\Windows Kits\8.1\References\CommonConfiguration\Neutral" /AI"C:\Program Files (x86)\Reference Assemblies\Microsoft\Framework\.NETFramework\v4.5\Facades\\" /Zi /clr /nologo /W3 /WX- /Od /Oy- /D WIN32 /D _DEBUG /D _WINDLL /D _UNICODE /D UNICODE /EHa /MDd /GS /fp:precise /Zc:wchar_t /Zc:forScope /Yc"stdafx.h" /Fp"Debug\SCBProtocalWrapper.pch" /Fo"Debug\\" /Fd"Debug\vc120.pdb" /TP /FUH:\CanBusTransceiverSolution\Debug\CanBusChannel.dll /FU"C:\Program Files (x86)\Reference Assemblies\Microsoft\Framework\.NETFramework\v4.5\mscorlib.dll" /FU"C:\Program Files (x86)\Reference Assemblies\Microsoft\Framework\.NETFramework\v4.5\System.Data.dll" /FU"C:\Program Files (x86)\Reference Assemblies\Microsoft\Framework\.NETFramework\v4.5\System.dll" /FU"C:\Program Files (x86)\Reference Assemblies\Microsoft\Framework\.NETFramework\v4.5\System.Xml.dll" /analyze- /errorReport:prompt /clr:nostdlib Stdafx.cpp
         Stdafx.cpp
         D:\Program Files (x86)\Microsoft Visual Studio 12.0\VC\bin\CL.exe /c /IH:\CanBusTransceiverSolution\CanBusTransceiver /I"E:\SCB develop\work\CanBusTransceiverSolution\CanBusChannel" /AI"C:\Program Files (x86)\Reference Assemblies\Microsoft\Framework\.NETFramework\v4.5\\" /AI"C:\Program Files (x86)\Windows Kits\8.1\References\CommonConfiguration\Neutral" /AI"C:\Program Files (x86)\Reference Assemblies\Microsoft\Framework\.NETFramework\v4.5\Facades\\" /Zi /clr /nologo /W3 /WX- /Od /Oy- /D WIN32 /D _DEBUG /D _WINDLL /D _UNICODE /D UNICODE /EHa /MDd /GS /fp:precise /Zc:wchar_t /Zc:forScope /Yu"stdafx.h" /Fp"Debug\SCBProtocalWrapper.pch" /Fo"Debug\\" /Fd"Debug\vc120.pdb" /TP /FUH:\CanBusTransceiverSolution\Debug\CanBusChannel.dll /FU"C:\Program Files (x86)\Reference Assemblies\Microsoft\Framework\.NETFramework\v4.5\mscorlib.dll" /FU"C:\Program Files (x86)\Reference Assemblies\Microsoft\Framework\.NETFramework\v4.5\System.Data.dll" /FU"C:\Program Files (x86)\Reference Assemblies\Microsoft\Framework\.NETFramework\v4.5\System.dll" /FU"C:\Program Files (x86)\Reference Assemblies\Microsoft\Framework\.NETFramework\v4.5\System.Xml.dll" /analyze- /errorReport:prompt /clr:nostdlib AssemblyInfo.cpp SCBProtocalWrapper.cpp
         AssemblyInfo.cpp
         SCBProtocalWrapper.cpp
     1>SCBProtocalWrapper.cpp(7932): warning C4244: '=' : conversion from 'wchar_t' to 'unsigned char', possible loss of data
     1>SCBProtocalWrapper.cpp(7933): warning C4244: '=' : conversion from 'wchar_t' to 'unsigned char', possible loss of data
     1>SCBProtocalWrapper.cpp(7934): warning C4244: '=' : conversion from 'wchar_t' to 'unsigned char', possible loss of data
     1>SCBProtocalWrapper.cpp(7935): warning C4244: '=' : conversion from 'wchar_t' to 'unsigned char', possible loss of data
     1>SCBProtocalWrapper.cpp(7936): warning C4244: '=' : conversion from 'wchar_t' to 'unsigned char', possible loss of data
     1>SCBProtocalWrapper.cpp(7937): warning C4244: '=' : conversion from 'wchar_t' to 'unsigned char', possible loss of data
     1>SCBProtocalWrapper.cpp(7938): warning C4244: '=' : conversion from 'wchar_t' to 'unsigned char', possible loss of data
     1>SCBProtocalWrapper.cpp(7939): warning C4244: '=' : conversion from 'wchar_t' to 'unsigned char', possible loss of data
     1>SCBProtocalWrapper.cpp(7979): warning C4244: '=' : conversion from 'wchar_t' to 'unsigned char', possible loss of data
     1>SCBProtocalWrapper.cpp(7980): warning C4244: '=' : conversion from 'wchar_t' to 'unsigned char', possible loss of data
     1>SCBProtocalWrapper.cpp(7981): warning C4244: '=' : conversion from 'wchar_t' to 'unsigned char', possible loss of data
     1>SCBProtocalWrapper.cpp(7982): warning C4244: '=' : conversion from 'wchar_t' to 'unsigned char', possible loss of data
     1>SCBProtocalWrapper.cpp(7983): warning C4244: '=' : conversion from 'wchar_t' to 'unsigned char', possible loss of data
     1>SCBProtocalWrapper.cpp(7984): warning C4244: '=' : conversion from 'wchar_t' to 'unsigned char', possible loss of data
     1>SCBProtocalWrapper.cpp(7985): warning C4244: '=' : conversion from 'wchar_t' to 'unsigned char', possible loss of data
     1>SCBProtocalWrapper.cpp(7986): warning C4244: '=' : conversion from 'wchar_t' to 'unsigned char', possible loss of data
     1>SCBProtocalWrapper.cpp(8026): warning C4244: '=' : conversion from 'wchar_t' to 'unsigned char', possible loss of data
     1>SCBProtocalWrapper.cpp(8027): warning C4244: '=' : conversion from 'wchar_t' to 'unsigned char', possible loss of data
     1>SCBProtocalWrapper.cpp(8028): warning C4244: '=' : conversion from 'wchar_t' to 'unsigned char', possible loss of data
     1>SCBProtocalWrapper.cpp(8029): warning C4244: '=' : conversion from 'wchar_t' to 'unsigned char', possible loss of data
     1>SCBProtocalWrapper.cpp(8030): warning C4244: '=' : conversion from 'wchar_t' to 'unsigned char', possible loss of data
     1>SCBProtocalWrapper.cpp(8031): warning C4244: '=' : conversion from 'wchar_t' to 'unsigned char', possible loss of data
     1>SCBProtocalWrapper.cpp(8032): warning C4244: '=' : conversion from 'wchar_t' to 'unsigned char', possible loss of data
     1>SCBProtocalWrapper.cpp(8033): warning C4244: '=' : conversion from 'wchar_t' to 'unsigned char', possible loss of data
     1>SCBProtocalWrapper.cpp(8273): warning C4018: '<' : signed/unsigned mismatch
         Generating Code...
         D:\Program Files (x86)\Microsoft Visual Studio 12.0\VC\bin\CL.exe /c /IH:\CanBusTransceiverSolution\CanBusTransceiver /I"E:\SCB develop\work\CanBusTransceiverSolution\CanBusChannel" /Zi /clr /nologo /W3 /WX- /Od /Oy- /D WIN32 /D _DEBUG /D _WINDLL /D _UNICODE /D UNICODE /EHa /MDd /GS /fp:precise /Zc:wchar_t /Zc:forScope /Fo"Debug\\" /Fd"Debug\vc120.pdb" /TP /analyze- /errorReport:prompt "C:\Users\19006418\AppData\Local\Temp\.NETFramework,Version=v4.5.AssemblyAttributes.cpp"
         .NETFramework,Version=v4.5.AssemblyAttributes.cpp
       ResourceCompile:
         C:\Program Files (x86)\Windows Kits\8.1\bin\x86\rc.exe /D _UNICODE /D UNICODE /l"0x0409" /nologo /fo"Debug\app.res" app.rc 
       Link:
         D:\Program Files (x86)\Microsoft Visual Studio 12.0\VC\bin\link.exe /ERRORREPORT:PROMPT /OUT:"H:\CanBusTransceiverSolution\Debug\SCBProtocalWrapper.dll" /INCREMENTAL /NOLOGO /MANIFEST /MANIFESTUAC:"level='asInvoker' uiAccess='false'" /manifest:embed /DEBUG /PDB:"H:\CanBusTransceiverSolution\Debug\SCBProtocalWrapper.pdb" /ASSEMBLYDEBUG /TLBID:1 /DYNAMICBASE /FIXED:NO /NXCOMPAT /MACHINE:X86 /DLL Debug\app.res
         Debug\AssemblyInfo.obj
         Debug\SCBProtocalWrapper.obj
         Debug\Stdafx.obj
         "Debug\.NETFramework,Version=v4.5.AssemblyAttributes.obj"
         SCBProtocalWrapper.vcxproj -> H:\CanBusTransceiverSolution\Debug\SCBProtocalWrapper.dll
     1>Done Building Project "H:\CanBusTransceiverSolution\SCBProtocalWrapper\SCBProtocalWrapper.vcxproj" (Rebuild target(s)).

Build succeeded.

Time Elapsed 00:00:03.32
