h:\canbustransceiversolution\scbprotocalwrapper\debug\scbprotocalwrapper.pch
h:\canbustransceiversolution\scbprotocalwrapper\debug\vc120.pdb
h:\canbustransceiversolution\scbprotocalwrapper\debug\stdafx.obj
h:\canbustransceiversolution\scbprotocalwrapper\debug\scbprotocalwrapper.obj
h:\canbustransceiversolution\scbprotocalwrapper\debug\assemblyinfo.obj
h:\canbustransceiversolution\scbprotocalwrapper\debug\.netframework,version=v4.5.assemblyattributes.obj
h:\canbustransceiversolution\debug\scbprotocalwrapper.dll
h:\canbustransceiversolution\debug\scbprotocalwrapper.pdb
h:\canbustransceiversolution\scbprotocalwrapper\debug\app.res
h:\canbustransceiversolution\scbprotocalwrapper\debug\scbprotocalwrapper.vcxprojresolveassemblyreference.cache
h:\canbustransceiversolution\scbprotocalwrapper\debug\scbproto.a8e81e14.tlog\cl.command.1.tlog
h:\canbustransceiversolution\scbprotocalwrapper\debug\scbproto.a8e81e14.tlog\cl.read.1.tlog
h:\canbustransceiversolution\scbprotocalwrapper\debug\scbproto.a8e81e14.tlog\cl.write.1.tlog
h:\canbustransceiversolution\scbprotocalwrapper\debug\scbproto.a8e81e14.tlog\link.command.1.tlog
h:\canbustransceiversolution\scbprotocalwrapper\debug\scbproto.a8e81e14.tlog\link.read.1.tlog
h:\canbustransceiversolution\scbprotocalwrapper\debug\scbproto.a8e81e14.tlog\link.write.1.tlog
h:\canbustransceiversolution\scbprotocalwrapper\debug\scbproto.a8e81e14.tlog\metagen.read.1.tlog
h:\canbustransceiversolution\scbprotocalwrapper\debug\scbproto.a8e81e14.tlog\metagen.write.1.tlog
h:\canbustransceiversolution\scbprotocalwrapper\debug\scbproto.a8e81e14.tlog\rc.command.1.tlog
h:\canbustransceiversolution\scbprotocalwrapper\debug\scbproto.a8e81e14.tlog\rc.read.1.tlog
h:\canbustransceiversolution\scbprotocalwrapper\debug\scbproto.a8e81e14.tlog\rc.write.1.tlog
h:\canbustransceiversolution\scbprotocalwrapper\debug\scbproto.a8e81e14.tlog\rsaenh.dll.bi
h:\canbustransceiversolution\scbprotocalwrapper\debug\scbproto.a8e81e14.tlog\tzres.dll.bi
