h:\canbustransceiversolution\positionersimulation\debug\positionersimulation.pch
h:\canbustransceiversolution\positionersimulation\debug\vc120.pdb
h:\canbustransceiversolution\positionersimulation\debug\stdafx.obj
h:\canbustransceiversolution\positionersimulation\debug\wallstandcontrol.obj
h:\canbustransceiversolution\positionersimulation\debug\tablecontrol.obj
h:\canbustransceiversolution\positionersimulation\debug\otcxyzcontrol.obj
h:\canbustransceiversolution\positionersimulation\debug\otcabcontrol.obj
h:\canbustransceiversolution\positionersimulation\debug\collimator.obj
h:\canbustransceiversolution\positionersimulation\debug\assemblyinfo.obj
h:\canbustransceiversolution\positionersimulation\debug\.netframework,version=v4.5.assemblyattributes.obj
h:\canbustransceiversolution\debug\positionersimulation.dll
h:\canbustransceiversolution\debug\positionersimulation.pdb
h:\canbustransceiversolution\positionersimulation\debug\app.res
h:\canbustransceiversolution\positionersimulation\debug\positionersimulation.vcxprojresolveassemblyreference.cache
h:\canbustransceiversolution\positionersimulation\debug\position.e4588766.tlog\cl.command.1.tlog
h:\canbustransceiversolution\positionersimulation\debug\position.e4588766.tlog\cl.read.1.tlog
h:\canbustransceiversolution\positionersimulation\debug\position.e4588766.tlog\cl.write.1.tlog
h:\canbustransceiversolution\positionersimulation\debug\position.e4588766.tlog\link.command.1.tlog
h:\canbustransceiversolution\positionersimulation\debug\position.e4588766.tlog\link.read.1.tlog
h:\canbustransceiversolution\positionersimulation\debug\position.e4588766.tlog\link.write.1.tlog
h:\canbustransceiversolution\positionersimulation\debug\position.e4588766.tlog\metagen.read.1.tlog
h:\canbustransceiversolution\positionersimulation\debug\position.e4588766.tlog\metagen.write.1.tlog
h:\canbustransceiversolution\positionersimulation\debug\position.e4588766.tlog\rc.command.1.tlog
h:\canbustransceiversolution\positionersimulation\debug\position.e4588766.tlog\rc.read.1.tlog
h:\canbustransceiversolution\positionersimulation\debug\position.e4588766.tlog\rc.write.1.tlog
h:\canbustransceiversolution\positionersimulation\debug\position.e4588766.tlog\rsaenh.dll.bi
h:\canbustransceiversolution\positionersimulation\debug\position.e4588766.tlog\tzres.dll.bi
