Build started 3/30/2015 10:31:37 AM.
     1>Project "E:\SCB Solution\SCBEmulator\CanBusTransceiverSolution\CanBusChannel\CanBusChannel.vcxproj" on node 2 (Rebuild target(s)).
     1>ClCompile:
         C:\Program Files (x86)\Microsoft Visual Studio 9.0\VC\bin\CL.exe /c /I"E:\SCB Solution\SCBEmulator\CanBusTransceiverSolution\CanBusTransceiver" /AI"C:\Program Files (x86)\Reference Assemblies\Microsoft\Framework\v3.5\\" /AIC:\Windows\Microsoft.NET\Framework\v3.5\ /AI"C:\Program Files (x86)\Reference Assemblies\Microsoft\Framework\v3.0\\" /AIC:\Windows\Microsoft.NET\Framework\v3.0\ /AIC:\Windows\Microsoft.NET\Framework\v2.0.50727\ /Zi /clr /nologo /W3 /WX- /O2 /Oy- /D WIN32 /D NDEBUG /D _WINDLL /D _UNICODE /D UNICODE /EHa /MD /GS /fp:precise /Zc:wchar_t /Zc:forScope /Yc"StdAfx.h" /Fp"Release\CanBusChannel.pch" /Fo"Release\\" /Fd"Release\vc90.pdb" /TP /FUC:\Windows\Microsoft.NET\Framework\v2.0.50727\mscorlib.dll /FUC:\Windows\Microsoft.NET\Framework\v2.0.50727\System.Data.dll /FUC:\Windows\Microsoft.NET\Framework\v2.0.50727\System.dll /FUC:\Windows\Microsoft.NET\Framework\v2.0.50727\System.Windows.Forms.dll /FUC:\Windows\Microsoft.NET\Framework\v2.0.50727\System.Xml.dll /analyze- /errorReport:prompt Stdafx.cpp /d1clr:nostdlib 
         Stdafx.cpp
         C:\Program Files (x86)\Microsoft Visual Studio 9.0\VC\bin\CL.exe /c /I"E:\SCB Solution\SCBEmulator\CanBusTransceiverSolution\CanBusTransceiver" /AI"C:\Program Files (x86)\Reference Assemblies\Microsoft\Framework\v3.5\\" /AIC:\Windows\Microsoft.NET\Framework\v3.5\ /AI"C:\Program Files (x86)\Reference Assemblies\Microsoft\Framework\v3.0\\" /AIC:\Windows\Microsoft.NET\Framework\v3.0\ /AIC:\Windows\Microsoft.NET\Framework\v2.0.50727\ /Zi /clr /nologo /W3 /WX- /O2 /Oy- /D WIN32 /D NDEBUG /D _WINDLL /D _UNICODE /D UNICODE /EHa /MD /GS /fp:precise /Zc:wchar_t /Zc:forScope /Fo"Release\\" /Fd"Release\vc90.pdb" /TP /FUC:\Windows\Microsoft.NET\Framework\v2.0.50727\mscorlib.dll /FUC:\Windows\Microsoft.NET\Framework\v2.0.50727\System.Data.dll /FUC:\Windows\Microsoft.NET\Framework\v2.0.50727\System.dll /FUC:\Windows\Microsoft.NET\Framework\v2.0.50727\System.Windows.Forms.dll /FUC:\Windows\Microsoft.NET\Framework\v2.0.50727\System.Xml.dll /analyze- /errorReport:prompt AssemblyInfo.cpp CanBusChannel.cpp /d1clr:nostdlib 
         AssemblyInfo.cpp
         CanBusChannel.cpp
         Generating Code...
       ResourceCompile:
         C:\Program Files\Microsoft SDKs\Windows\v6.0A\bin\rc.exe /D _UNICODE /D UNICODE /l"0x0409" /fo"Release\app.res" app.rc 
         Microsoft (R) Windows (R) Resource Compiler Version 6.0.5724.0
         
         Copyright (C) Microsoft Corporation.  All rights reserved.
         
         
       Link:
         C:\Program Files (x86)\Microsoft Visual Studio 9.0\VC\bin\link.exe /ERRORREPORT:PROMPT /OUT:"E:\SCB Solution\SCBEmulator\CanBusTransceiverSolution\Release\CanBusChannel.dll" /INCREMENTAL:NO /NOLOGO ..\Release\CanBusTransceiver.lib kernel32.lib user32.lib gdi32.lib winspool.lib comdlg32.lib advapi32.lib shell32.lib ole32.lib oleaut32.lib uuid.lib odbc32.lib odbccp32.lib /MANIFEST /ManifestFile:"Release\CanBusChannel.dll.intermediate.manifest" /MANIFESTUAC:"level='asInvoker' uiAccess='false'" /DEBUG /PDB:"E:\SCB Solution\SCBEmulator\CanBusTransceiverSolution\Release\CanBusChannel.pdb" /TLBID:1 /DYNAMICBASE /FIXED:NO /NXCOMPAT /MACHINE:X86 /DLL Release\app.res
         Release\AssemblyInfo.obj
         Release\CanBusChannel.obj
         Release\Stdafx.obj
         "E:\SCB Solution\SCBEmulator\CanBusTransceiverSolution\Release\CanBusTransceiver.lib"
         CanBusChannel.vcxproj -> E:\SCB Solution\SCBEmulator\CanBusTransceiverSolution\Release\CanBusChannel.dll
       Manifest:
         C:\Program Files\Microsoft SDKs\Windows\v6.0A\bin\mt.exe /nologo /verbose /outputresource:"E:\SCB Solution\SCBEmulator\CanBusTransceiverSolution\Release\CanBusChannel.dll;#2" /manifest Release\CanBusChannel.dll.intermediate.manifest
     1>Done Building Project "E:\SCB Solution\SCBEmulator\CanBusTransceiverSolution\CanBusChannel\CanBusChannel.vcxproj" (Rebuild target(s)).

Build succeeded.

Time Elapsed 00:00:03.20
