d:\scbemulatorsolution\canbustransceiversolution\canbuschannel\release\canbuschannel.pch
d:\scbemulatorsolution\canbustransceiversolution\canbuschannel\release\stdafx.obj
d:\scbemulatorsolution\canbustransceiversolution\canbuschannel\release\vc90.pdb
d:\scbemulatorsolution\canbustransceiversolution\canbuschannel\release\canbuschannel.obj
d:\scbemulatorsolution\canbustransceiversolution\canbuschannel\release\assemblyinfo.obj
d:\scbemulatorsolution\canbustransceiversolution\release\canbuschannel.dll
d:\scbemulatorsolution\canbustransceiversolution\canbuschannel\release\canbuschannel.dll.intermediate.manifest
d:\scbemulatorsolution\canbustransceiversolution\release\canbuschannel.pdb
d:\scbemulatorsolution\canbustransceiversolution\canbuschannel\release\app.res
d:\scbemulatorsolution\canbustransceiversolution\canbuschannel\release\canbuschannel.vcxprojresolveassemblyreference.cache
d:\scbemulatorsolution\canbustransceiversolution\canbuschannel\release\canbuschannel.write.1.tlog
d:\scbemulatorsolution\canbustransceiversolution\canbuschannel\release\cl.command.1.tlog
d:\scbemulatorsolution\canbustransceiversolution\canbuschannel\release\cl.read.1.tlog
d:\scbemulatorsolution\canbustransceiversolution\canbuschannel\release\cl.write.1.tlog
d:\scbemulatorsolution\canbustransceiversolution\canbuschannel\release\link-cvtres.read.1.tlog
d:\scbemulatorsolution\canbustransceiversolution\canbuschannel\release\link-cvtres.write.1.tlog
d:\scbemulatorsolution\canbustransceiversolution\canbuschannel\release\link.command.1.tlog
d:\scbemulatorsolution\canbustransceiversolution\canbuschannel\release\link.read.1.tlog
d:\scbemulatorsolution\canbustransceiversolution\canbuschannel\release\link.write.1.tlog
d:\scbemulatorsolution\canbustransceiversolution\canbuschannel\release\metagen.read.1.tlog
d:\scbemulatorsolution\canbustransceiversolution\canbuschannel\release\metagen.write.1.tlog
d:\scbemulatorsolution\canbustransceiversolution\canbuschannel\release\mt.command.1.tlog
d:\scbemulatorsolution\canbustransceiversolution\canbuschannel\release\mt.read.1.tlog
d:\scbemulatorsolution\canbustransceiversolution\canbuschannel\release\mt.write.1.tlog
d:\scbemulatorsolution\canbustransceiversolution\canbuschannel\release\rc.command.1.tlog
d:\scbemulatorsolution\canbustransceiversolution\canbuschannel\release\rc.read.1.tlog
d:\scbemulatorsolution\canbustransceiversolution\canbuschannel\release\rc.write.1.tlog
d:\scbemulatorsolution\canbustransceiversolution\canbuschannel\release\rsaenh.dll.bi
d:\scbemulatorsolution\canbustransceiversolution\canbuschannel\release\tzres.dll.bi
