e:\scb solution\scbemulator\canbustransceiversolution\scbprotocalwrapper\release\scbprotocalwrapper.pch
e:\scb solution\scbemulator\canbustransceiversolution\scbprotocalwrapper\release\stdafx.obj
e:\scb solution\scbemulator\canbustransceiversolution\scbprotocalwrapper\release\vc90.pdb
e:\scb solution\scbemulator\canbustransceiversolution\scbprotocalwrapper\release\scbprotocalwrapper.obj
e:\scb solution\scbemulator\canbustransceiversolution\scbprotocalwrapper\release\assemblyinfo.obj
e:\scb solution\scbemulator\canbustransceiversolution\release\scbprotocalwrapper.dll
e:\scb solution\scbemulator\canbustransceiversolution\scbprotocalwrapper\release\scbprotocalwrapper.dll.intermediate.manifest
e:\scb solution\scbemulator\canbustransceiversolution\release\scbprotocalwrapper.pdb
e:\scb solution\scbemulator\canbustransceiversolution\scbprotocalwrapper\release\app.res
e:\scb solution\scbemulator\canbustransceiversolution\scbprotocalwrapper\release\scbprotocalwrapper.vcxprojresolveassemblyreference.cache
e:\scb solution\scbemulator\canbustransceiversolution\scbprotocalwrapper\release\cl.command.1.tlog
e:\scb solution\scbemulator\canbustransceiversolution\scbprotocalwrapper\release\cl.read.1.tlog
e:\scb solution\scbemulator\canbustransceiversolution\scbprotocalwrapper\release\cl.write.1.tlog
e:\scb solution\scbemulator\canbustransceiversolution\scbprotocalwrapper\release\link-cvtres.read.1.tlog
e:\scb solution\scbemulator\canbustransceiversolution\scbprotocalwrapper\release\link-cvtres.write.1.tlog
e:\scb solution\scbemulator\canbustransceiversolution\scbprotocalwrapper\release\link.command.1.tlog
e:\scb solution\scbemulator\canbustransceiversolution\scbprotocalwrapper\release\link.read.1.tlog
e:\scb solution\scbemulator\canbustransceiversolution\scbprotocalwrapper\release\link.write.1.tlog
e:\scb solution\scbemulator\canbustransceiversolution\scbprotocalwrapper\release\metagen.read.1.tlog
e:\scb solution\scbemulator\canbustransceiversolution\scbprotocalwrapper\release\metagen.write.1.tlog
e:\scb solution\scbemulator\canbustransceiversolution\scbprotocalwrapper\release\mt.command.1.tlog
e:\scb solution\scbemulator\canbustransceiversolution\scbprotocalwrapper\release\mt.read.1.tlog
e:\scb solution\scbemulator\canbustransceiversolution\scbprotocalwrapper\release\mt.write.1.tlog
e:\scb solution\scbemulator\canbustransceiversolution\scbprotocalwrapper\release\rc.command.1.tlog
e:\scb solution\scbemulator\canbustransceiversolution\scbprotocalwrapper\release\rc.read.1.tlog
e:\scb solution\scbemulator\canbustransceiversolution\scbprotocalwrapper\release\rc.write.1.tlog
e:\scb solution\scbemulator\canbustransceiversolution\scbprotocalwrapper\release\scbprotocalwrapper.write.1.tlog
e:\scb solution\scbemulator\canbustransceiversolution\scbprotocalwrapper\release\rsaenh.dll.bi
e:\scb solution\scbemulator\canbustransceiversolution\scbprotocalwrapper\release\tzres.dll.bi
