e:\scb develop\work\canbustransceiversolution\consoleapplication2\debug\consoleapplication2.pch
e:\scb develop\work\canbustransceiversolution\consoleapplication2\debug\vc120.pdb
e:\scb develop\work\canbustransceiversolution\consoleapplication2\debug\stdafx.obj
e:\scb develop\work\canbustransceiversolution\consoleapplication2\debug\consoleapplication2.obj
e:\scb develop\work\canbustransceiversolution\consoleapplication2\debug\assemblyinfo.obj
e:\scb develop\work\canbustransceiversolution\consoleapplication2\debug\.netframework,version=v4.5.assemblyattributes.obj
e:\scb develop\work\canbustransceiversolution\debug\consoleapplication2.exe
e:\scb develop\work\canbustransceiversolution\debug\consoleapplication2.pdb
e:\scb develop\work\canbustransceiversolution\consoleapplication2\debug\app.res
e:\scb develop\work\canbustransceiversolution\consoleapplication2\debug\consoleapplication2.vcxprojresolveassemblyreference.cache
e:\scb develop\work\canbustransceiversolution\consoleapplication2\debug\consolea.dfd6a224.tlog\cl.command.1.tlog
e:\scb develop\work\canbustransceiversolution\consoleapplication2\debug\consolea.dfd6a224.tlog\cl.read.1.tlog
e:\scb develop\work\canbustransceiversolution\consoleapplication2\debug\consolea.dfd6a224.tlog\cl.write.1.tlog
e:\scb develop\work\canbustransceiversolution\consoleapplication2\debug\consolea.dfd6a224.tlog\link.command.1.tlog
e:\scb develop\work\canbustransceiversolution\consoleapplication2\debug\consolea.dfd6a224.tlog\link.read.1.tlog
e:\scb develop\work\canbustransceiversolution\consoleapplication2\debug\consolea.dfd6a224.tlog\link.write.1.tlog
e:\scb develop\work\canbustransceiversolution\consoleapplication2\debug\consolea.dfd6a224.tlog\metagen.read.1.tlog
e:\scb develop\work\canbustransceiversolution\consoleapplication2\debug\consolea.dfd6a224.tlog\metagen.write.1.tlog
e:\scb develop\work\canbustransceiversolution\consoleapplication2\debug\consolea.dfd6a224.tlog\rc.command.1.tlog
e:\scb develop\work\canbustransceiversolution\consoleapplication2\debug\consolea.dfd6a224.tlog\rc.read.1.tlog
e:\scb develop\work\canbustransceiversolution\consoleapplication2\debug\consolea.dfd6a224.tlog\rc.write.1.tlog
e:\scb develop\work\canbustransceiversolution\consoleapplication2\debug\consolea.dfd6a224.tlog\rsaenh.dll.bi
e:\scb develop\work\canbustransceiversolution\consoleapplication2\debug\consolea.dfd6a224.tlog\tzres.dll.bi
