Build started 3/8/2015 12:24:23 PM.
     1>Project "D:\workspace\scbproject\CanBusTransceiverSolution\CanBusChannel\CanBusChannel.vcxproj" on node 2 (Rebuild target(s)).
     1>ClCompile:
         C:\Program Files (x86)\Microsoft Visual Studio 9.0\VC\bin\CL.exe /c /ID:\workspace\scbproject\CanBusTransceiverSolution\CanBusTransceiver /AI"C:\Program Files (x86)\Reference Assemblies\Microsoft\Framework\v3.5\\" /AIC:\Windows\Microsoft.NET\Framework\v3.5\ /AI"C:\Program Files (x86)\Reference Assemblies\Microsoft\Framework\v3.0\\" /AIC:\Windows\Microsoft.NET\Framework\v3.0\ /AIC:\Windows\Microsoft.NET\Framework\v2.0.50727\ /Zi /clr /nologo /W3 /WX- /Od /Oy- /D WIN32 /D _DEBUG /D _WINDLL /D _UNICODE /D UNICODE /EHa /MDd /GS /fp:precise /Zc:wchar_t /Zc:forScope /Yc"StdAfx.h" /Fp"Debug\CanBusChannel.pch" /Fo"Debug\\" /Fd"Debug\vc90.pdb" /TP /FUC:\Windows\Microsoft.NET\Framework\v2.0.50727\mscorlib.dll /FUC:\Windows\Microsoft.NET\Framework\v2.0.50727\System.Data.dll /FUC:\Windows\Microsoft.NET\Framework\v2.0.50727\System.dll /FUC:\Windows\Microsoft.NET\Framework\v2.0.50727\System.Xml.dll /analyze- /errorReport:prompt Stdafx.cpp /d1clr:nostdlib 
         Stdafx.cpp
         C:\Program Files (x86)\Microsoft Visual Studio 9.0\VC\bin\CL.exe /c /ID:\workspace\scbproject\CanBusTransceiverSolution\CanBusTransceiver /AI"C:\Program Files (x86)\Reference Assemblies\Microsoft\Framework\v3.5\\" /AIC:\Windows\Microsoft.NET\Framework\v3.5\ /AI"C:\Program Files (x86)\Reference Assemblies\Microsoft\Framework\v3.0\\" /AIC:\Windows\Microsoft.NET\Framework\v3.0\ /AIC:\Windows\Microsoft.NET\Framework\v2.0.50727\ /Zi /clr /nologo /W3 /WX- /Od /Oy- /D WIN32 /D _DEBUG /D _WINDLL /D _UNICODE /D UNICODE /EHa /MDd /GS /fp:precise /Zc:wchar_t /Zc:forScope /Yu"StdAfx.h" /Fp"Debug\CanBusChannel.pch" /Fo"Debug\\" /Fd"Debug\vc90.pdb" /TP /FUC:\Windows\Microsoft.NET\Framework\v2.0.50727\mscorlib.dll /FUC:\Windows\Microsoft.NET\Framework\v2.0.50727\System.Data.dll /FUC:\Windows\Microsoft.NET\Framework\v2.0.50727\System.dll /FUC:\Windows\Microsoft.NET\Framework\v2.0.50727\System.Xml.dll /analyze- /errorReport:prompt AssemblyInfo.cpp CanBusChannel.cpp /d1clr:nostdlib 
         AssemblyInfo.cpp
         CanBusChannel.cpp
         正在生成代码...
       ResourceCompile:
         C:\Program Files (x86)\Microsoft SDKs\Windows\v7.0A\bin\rc.exe /D _UNICODE /D UNICODE /l"0x0409" /fo"Debug\app.res" app.rc 
         Microsoft (R) Windows (R) Resource Compiler Version 6.1.7600.16385
         
         Copyright (C) Microsoft Corporation.  All rights reserved.
         
         
       Link:
         C:\Program Files (x86)\Microsoft Visual Studio 9.0\VC\bin\link.exe /ERRORREPORT:PROMPT /OUT:"D:\workspace\scbproject\CanBusTransceiverSolution\Debug\CanBusChannel.dll" /INCREMENTAL /NOLOGO /MANIFEST /ManifestFile:"Debug\CanBusChannel.dll.intermediate.manifest" /MANIFESTUAC:"level='asInvoker' uiAccess='false'" /DEBUG /PDB:"D:\workspace\scbproject\CanBusTransceiverSolution\Debug\CanBusChannel.pdb" /ASSEMBLYDEBUG /TLBID:1 /DYNAMICBASE /FIXED:NO /NXCOMPAT /MACHINE:X86 /DLL Debug\app.res
         Debug\AssemblyInfo.obj
         Debug\CanBusChannel.obj
         Debug\Stdafx.obj
         D:\workspace\scbproject\CanBusTransceiverSolution\Debug\CanBusTransceiver.lib
         CanBusChannel.vcxproj -> D:\workspace\scbproject\CanBusTransceiverSolution\Debug\CanBusChannel.dll
       Manifest:
         C:\Program Files (x86)\Microsoft SDKs\Windows\v7.0A\bin\mt.exe /nologo /verbose /outputresource:"D:\workspace\scbproject\CanBusTransceiverSolution\Debug\CanBusChannel.dll;#2" /manifest Debug\CanBusChannel.dll.intermediate.manifest
     1>Done Building Project "D:\workspace\scbproject\CanBusTransceiverSolution\CanBusChannel\CanBusChannel.vcxproj" (Rebuild target(s)).

Build succeeded.

Time Elapsed 00:00:01.28
