h:\canbustransceiversolution\canbuschannel\debug\canbuschannel.pch
h:\canbustransceiversolution\canbuschannel\debug\vc120.pdb
h:\canbustransceiversolution\canbuschannel\debug\stdafx.obj
h:\canbustransceiversolution\canbuschannel\debug\canbuschannel.obj
h:\canbustransceiversolution\canbuschannel\debug\assemblyinfo.obj
h:\canbustransceiversolution\canbuschannel\debug\.netframework,version=v4.5.assemblyattributes.obj
h:\canbustransceiversolution\debug\canbuschannel.dll
h:\canbustransceiversolution\debug\canbuschannel.pdb
h:\canbustransceiversolution\canbuschannel\debug\app.res
h:\canbustransceiversolution\canbuschannel\debug\canbuschannel.vcxprojresolveassemblyreference.cache
h:\canbustransceiversolution\canbuschannel\debug\canbuschannel.tlog\cl.command.1.tlog
h:\canbustransceiversolution\canbuschannel\debug\canbuschannel.tlog\cl.read.1.tlog
h:\canbustransceiversolution\canbuschannel\debug\canbuschannel.tlog\cl.write.1.tlog
h:\canbustransceiversolution\canbuschannel\debug\canbuschannel.tlog\link.command.1.tlog
h:\canbustransceiversolution\canbuschannel\debug\canbuschannel.tlog\link.read.1.tlog
h:\canbustransceiversolution\canbuschannel\debug\canbuschannel.tlog\link.write.1.tlog
h:\canbustransceiversolution\canbuschannel\debug\canbuschannel.tlog\metagen.read.1.tlog
h:\canbustransceiversolution\canbuschannel\debug\canbuschannel.tlog\metagen.write.1.tlog
h:\canbustransceiversolution\canbuschannel\debug\canbuschannel.tlog\rc.command.1.tlog
h:\canbustransceiversolution\canbuschannel\debug\canbuschannel.tlog\rc.read.1.tlog
h:\canbustransceiversolution\canbuschannel\debug\canbuschannel.tlog\rc.write.1.tlog
h:\canbustransceiversolution\canbuschannel\debug\canbuschannel.tlog\rsaenh.dll.bi
h:\canbustransceiversolution\canbuschannel\debug\canbuschannel.tlog\tzres.dll.bi
