Build started 9/29/2015 11:22:05 PM.
     1>Project "E:\emulator_system\SCB_Solution\SCBEmulator\CanBusTransceiverSolution\CanBusTransceiver\CanBusTransceiver.vcxproj" on node 3 (Rebuild target(s)).
     1>C:\Program Files (x86)\MSBuild\Microsoft.Cpp\v4.0\Microsoft.CppBuild.targets(299,5): warning MSB8004: Output Directory does not end with a trailing slash.  This build instance will add the slash as it is required to allow proper evaluation of the Output Directory.
     1>ClCompile:
         D:\Program Files (x86)\Microsoft Visual Studio 9.0\VC\bin\CL.exe /c /ZI /nologo /W3 /WX- /Od /Oy- /D WIN32 /D _DEBUG /D _WINDOWS /D _USRDLL /D CANBUSTRANSCEIVER_EXPORTS /D _WINDLL /D _UNICODE /D UNICODE /Gm /EHsc /RTC1 /MDd /GS /fp:precise /Zc:wchar_t /Zc:forScope /Yc"StdAfx.h" /Fp"Debug\CanBusTransceiver.pch" /Fo"Debug\\" /Fd"Debug\vc90.pdb" /Gd /TP /analyze- /errorReport:prompt stdafx.cpp
         stdafx.cpp
         D:\Program Files (x86)\Microsoft Visual Studio 9.0\VC\bin\CL.exe /c /ZI /nologo /W3 /WX- /Od /Oy- /D WIN32 /D _DEBUG /D _WINDOWS /D _USRDLL /D CANBUSTRANSCEIVER_EXPORTS /D _WINDLL /D _UNICODE /D UNICODE /Gm /EHsc /RTC1 /MDd /GS /fp:precise /Zc:wchar_t /Zc:forScope /Yu"StdAfx.h" /Fp"Debug\CanBusTransceiver.pch" /Fo"Debug\\" /Fd"Debug\vc90.pdb" /Gd /TP /analyze- /errorReport:prompt CanBusTransceiver.cpp
         CanBusTransceiver.cpp
         D:\Program Files (x86)\Microsoft Visual Studio 9.0\VC\bin\CL.exe /c /ZI /nologo /W3 /WX- /Od /Oy- /D WIN32 /D _DEBUG /D _WINDOWS /D _USRDLL /D CANBUSTRANSCEIVER_EXPORTS /D _WINDLL /D _UNICODE /D UNICODE /Gm /EHsc /RTC1 /MDd /GS /fp:precise /Zc:wchar_t /Zc:forScope /Fo"Debug\\" /Fd"Debug\vc90.pdb" /Gd /TP /analyze- /errorReport:prompt dllmain.cpp
         dllmain.cpp
       ResourceCompile:
         C:\Program Files\Microsoft SDKs\Windows\v6.0A\bin\rc.exe /D _UNICODE /D UNICODE /l"0x0409" /fo"Debug\CanBusTransceiver.res" CanBusTransceiver.rc 
         Microsoft (R) Windows (R) Resource Compiler Version 6.1.6723.1
         
         Copyright (C) Microsoft Corporation.  All rights reserved.
         
         
       ManifestResourceCompile:
         C:\Program Files\Microsoft SDKs\Windows\v6.0A\bin\rc.exe /fo"Debug\CanBusTransceiver.dll.embed.manifest.res" Debug\CanBusTransceiver_manifest.rc 
         Microsoft (R) Windows (R) Resource Compiler Version 6.1.6723.1
         
         Copyright (C) Microsoft Corporation.  All rights reserved.
         
         
       Link:
         D:\Program Files (x86)\Microsoft Visual Studio 9.0\VC\bin\link.exe /ERRORREPORT:PROMPT /OUT:"..\Debug\CanBusTransceiver.dll" /INCREMENTAL /NOLOGO ControlCAN.lib kernel32.lib user32.lib gdi32.lib winspool.lib comdlg32.lib advapi32.lib shell32.lib ole32.lib oleaut32.lib uuid.lib odbc32.lib odbccp32.lib /MANIFEST /ManifestFile:"Debug\CanBusTransceiver.dll.intermediate.manifest" /MANIFESTUAC:"level='asInvoker' uiAccess='false'" /DEBUG /PDB:"E:\emulator_system\SCB_Solution\SCBEmulator\CanBusTransceiverSolution\Debug\CanBusTransceiver.pdb" /SUBSYSTEM:WINDOWS /TLBID:1 /DYNAMICBASE /NXCOMPAT /IMPLIB:"..\Debug\CanBusTransceiver.lib" /MACHINE:X86 /DLL Debug\CanBusTransceiver.res
         Debug\CanBusTransceiver.dll.embed.manifest.res
         Debug\CanBusTransceiver.obj
         Debug\dllmain.obj
         Debug\stdafx.obj
            Creating library ..\Debug\CanBusTransceiver.lib and object ..\Debug\CanBusTransceiver.exp
       Manifest:
         C:\Program Files\Microsoft SDKs\Windows\v6.0A\bin\mt.exe /nologo /verbose /out:"Debug\CanBusTransceiver.dll.embed.manifest" /manifest Debug\CanBusTransceiver.dll.intermediate.manifest
         C:\Program Files\Microsoft SDKs\Windows\v6.0A\bin\rc.exe /fo"Debug\CanBusTransceiver.dll.embed.manifest.res" Debug\CanBusTransceiver_manifest.rc 
         Microsoft (R) Windows (R) Resource Compiler Version 6.1.6723.1
         
         Copyright (C) Microsoft Corporation.  All rights reserved.
         
         
       LinkEmbedManifest:
         D:\Program Files (x86)\Microsoft Visual Studio 9.0\VC\bin\link.exe /ERRORREPORT:PROMPT /OUT:"..\Debug\CanBusTransceiver.dll" /INCREMENTAL /NOLOGO ControlCAN.lib kernel32.lib user32.lib gdi32.lib winspool.lib comdlg32.lib advapi32.lib shell32.lib ole32.lib oleaut32.lib uuid.lib odbc32.lib odbccp32.lib /MANIFEST /ManifestFile:"Debug\CanBusTransceiver.dll.intermediate.manifest" /MANIFESTUAC:"level='asInvoker' uiAccess='false'" /DEBUG /PDB:"E:\emulator_system\SCB_Solution\SCBEmulator\CanBusTransceiverSolution\Debug\CanBusTransceiver.pdb" /SUBSYSTEM:WINDOWS /TLBID:1 /DYNAMICBASE /NXCOMPAT /IMPLIB:"..\Debug\CanBusTransceiver.lib" /MACHINE:X86 /DLL Debug\CanBusTransceiver.res
         Debug\CanBusTransceiver.dll.embed.manifest.res
         Debug\CanBusTransceiver.obj
         Debug\dllmain.obj
         Debug\stdafx.obj
            Creating library ..\Debug\CanBusTransceiver.lib and object ..\Debug\CanBusTransceiver.exp
         CanBusTransceiver.vcxproj -> E:\emulator_system\SCB_Solution\SCBEmulator\CanBusTransceiverSolution\CanBusTransceiver\..\Debug\CanBusTransceiver.dll
     1>Done Building Project "E:\emulator_system\SCB_Solution\SCBEmulator\CanBusTransceiverSolution\CanBusTransceiver\CanBusTransceiver.vcxproj" (Rebuild target(s)).

Build succeeded.

Time Elapsed 00:00:14.71
