d:\workspace\scbproject\canbustransceiversolution\debug\canbustransceiver.lib
d:\workspace\scbproject\canbustransceiversolution\debug\canbustransceiver.exp
d:\workspace\scbproject\canbustransceiversolution\canbustransceiver\debug\canbustransceiver.pch
d:\workspace\scbproject\canbustransceiversolution\canbustransceiver\debug\stdafx.obj
d:\workspace\scbproject\canbustransceiversolution\canbustransceiver\debug\vc90.pdb
d:\workspace\scbproject\canbustransceiversolution\canbustransceiver\debug\canbustransceiver.obj
d:\workspace\scbproject\canbustransceiversolution\canbustransceiver\debug\dllmain.obj
d:\workspace\scbproject\canbustransceiversolution\debug\canbustransceiver.ilk
d:\workspace\scbproject\canbustransceiversolution\debug\canbustransceiver.dll
d:\workspace\scbproject\canbustransceiversolution\canbustransceiver\debug\canbustransceiver.dll.intermediate.manifest
d:\workspace\scbproject\canbustransceiversolution\debug\canbustransceiver.pdb
d:\workspace\scbproject\canbustransceiversolution\canbustransceiver\debug\canbustransceiver.dll.embed.manifest
d:\workspace\scbproject\canbustransceiversolution\canbustransceiver\debug\canbustransceiver.res
d:\workspace\scbproject\canbustransceiversolution\canbustransceiver\debug\canbustransceiver.dll.embed.manifest.res
d:\workspace\scbproject\canbustransceiversolution\canbustransceiver\debug\canbustransceiver.write.1.tlog
d:\workspace\scbproject\canbustransceiversolution\canbustransceiver\debug\cl.command.1.tlog
d:\workspace\scbproject\canbustransceiversolution\canbustransceiver\debug\cl.read.1.tlog
d:\workspace\scbproject\canbustransceiversolution\canbustransceiver\debug\cl.write.1.tlog
d:\workspace\scbproject\canbustransceiversolution\canbustransceiver\debug\link-cvtres.read.1.tlog
d:\workspace\scbproject\canbustransceiversolution\canbustransceiver\debug\link-cvtres.write.1.tlog
d:\workspace\scbproject\canbustransceiversolution\canbustransceiver\debug\link-dw20-dwwin.read.2.tlog
d:\workspace\scbproject\canbustransceiversolution\canbustransceiver\debug\link-dw20-dwwin.read.4.tlog
d:\workspace\scbproject\canbustransceiversolution\canbustransceiver\debug\link-dw20-dwwin.write.2.tlog
d:\workspace\scbproject\canbustransceiversolution\canbustransceiver\debug\link-dw20.read.1.tlog
d:\workspace\scbproject\canbustransceiversolution\canbustransceiver\debug\link.command.1.tlog
d:\workspace\scbproject\canbustransceiversolution\canbustransceiver\debug\link.read.1.tlog
d:\workspace\scbproject\canbustransceiversolution\canbustransceiver\debug\link.write.1.tlog
d:\workspace\scbproject\canbustransceiversolution\canbustransceiver\debug\mt.command.1.tlog
d:\workspace\scbproject\canbustransceiversolution\canbustransceiver\debug\mt.read.1.tlog
d:\workspace\scbproject\canbustransceiversolution\canbustransceiver\debug\mt.write.1.tlog
d:\workspace\scbproject\canbustransceiversolution\canbustransceiver\debug\rc.command.1.tlog
d:\workspace\scbproject\canbustransceiversolution\canbustransceiver\debug\rc.read.1.tlog
d:\workspace\scbproject\canbustransceiversolution\canbustransceiver\debug\rc.write.1.tlog
d:\workspace\scbproject\canbustransceiversolution\canbustransceiver\debug\vc90.idb
d:\workspace\scbproject\canbustransceiversolution\canbustransceiver\debug\canbustransceiver_manifest.rc
