Build started 11/11/2015 2:24:29 PM.
     1>Project "E:\emulator_system\SCB_Solution\SCBEmulator\CanBusTransceiverSolution\PositionerSimulation\PositionerSimulation.vcxproj" on node 2 (Rebuild target(s)).
     1>ClCompile:
         D:\Program Files (x86)\Microsoft Visual Studio 9.0\VC\bin\CL.exe /c /IE:\emulator_system\SCB_Solution\SCBEmulator\CanBusTransceiverSolution\SCBProtocalWrapper /AI"C:\Program Files (x86)\Reference Assemblies\Microsoft\Framework\v3.5\\" /AIC:\Windows\Microsoft.NET\Framework\v3.5\ /AI"C:\Program Files (x86)\Reference Assemblies\Microsoft\Framework\v3.0\\" /AIC:\Windows\Microsoft.NET\Framework\v3.0\ /AIC:\Windows\Microsoft.NET\Framework\v2.0.50727\ /Zi /clr /nologo /W3 /WX- /O2 /Oy- /D WIN32 /D NDEBUG /D _WINDLL /D _UNICODE /D UNICODE /EHa /MD /GS /fp:precise /Zc:wchar_t /Zc:forScope /Yc"StdAfx.h" /Fp"Release\PositionerSimulation.pch" /Fo"Release\\" /Fd"Release\vc90.pdb" /TP /FUE:\emulator_system\SCB_Solution\SCBEmulator\CanBusTransceiverSolution\Release\CanBusChannel.dll /FUC:\Windows\Microsoft.NET\Framework\v2.0.50727\mscorlib.dll /FUE:\emulator_system\SCB_Solution\SCBEmulator\CanBusTransceiverSolution\Release\SCBProtocalWrapper.dll /FUC:\Windows\Microsoft.NET\Framework\v2.0.50727\System.Data.dll /FUC:\Windows\Microsoft.NET\Framework\v2.0.50727\System.dll /FUC:\Windows\Microsoft.NET\Framework\v2.0.50727\System.Xml.dll /analyze- /errorReport:prompt AssemblyInfo.cpp Collimator.cpp OTCABControl.cpp OTCXYZControl.cpp TableControl.cpp WallStandControl.cpp /d1clr:nostdlib 
         AssemblyInfo.cpp
         Collimator.cpp
     1>Collimator.cpp(394): warning C4244: 'argument' : conversion from 'double' to 'int', possible loss of data
     1>Collimator.cpp(396): warning C4244: 'argument' : conversion from 'double' to 'int', possible loss of data
         OTCABControl.cpp
         OTCXYZControl.cpp
         TableControl.cpp
         WallStandControl.cpp
       ResourceCompile:
         C:\Program Files\Microsoft SDKs\Windows\v6.0A\bin\rc.exe /D _UNICODE /D UNICODE /l"0x0409" /fo"Release\app.res" app.rc 
         Microsoft (R) Windows (R) Resource Compiler Version 6.1.6723.1
         
         Copyright (C) Microsoft Corporation.  All rights reserved.
         
         
       Link:
         D:\Program Files (x86)\Microsoft Visual Studio 9.0\VC\bin\link.exe /ERRORREPORT:PROMPT /OUT:"E:\emulator_system\SCB_Solution\SCBEmulator\CanBusTransceiverSolution\Release\PositionerSimulation.dll" /INCREMENTAL:NO /NOLOGO /MANIFEST /ManifestFile:"Release\PositionerSimulation.dll.intermediate.manifest" /MANIFESTUAC:"level='asInvoker' uiAccess='false'" /DEBUG /PDB:"E:\emulator_system\SCB_Solution\SCBEmulator\CanBusTransceiverSolution\Release\PositionerSimulation.pdb" /TLBID:1 /DYNAMICBASE /FIXED:NO /NXCOMPAT /MACHINE:X86 /DLL Release\app.res
         Release\AssemblyInfo.obj
         Release\Collimator.obj
         Release\OTCABControl.obj
         Release\OTCXYZControl.obj
         Release\TableControl.obj
         Release\WallStandControl.obj
         PositionerSimulation.vcxproj -> E:\emulator_system\SCB_Solution\SCBEmulator\CanBusTransceiverSolution\Release\PositionerSimulation.dll
       Manifest:
         C:\Program Files\Microsoft SDKs\Windows\v6.0A\bin\mt.exe /nologo /verbose /outputresource:"E:\emulator_system\SCB_Solution\SCBEmulator\CanBusTransceiverSolution\Release\PositionerSimulation.dll;#2" /manifest Release\PositionerSimulation.dll.intermediate.manifest
     1>Done Building Project "E:\emulator_system\SCB_Solution\SCBEmulator\CanBusTransceiverSolution\PositionerSimulation\PositionerSimulation.vcxproj" (Rebuild target(s)).

Build succeeded.

Time Elapsed 00:00:04.76
