e:\emulator_system\scb_solution\scbemulator\canbustransceiversolution\positionersimulation\release\positionersimulation.pch
e:\emulator_system\scb_solution\scbemulator\canbustransceiversolution\positionersimulation\release\assemblyinfo.obj
e:\emulator_system\scb_solution\scbemulator\canbustransceiversolution\positionersimulation\release\collimator.obj
e:\emulator_system\scb_solution\scbemulator\canbustransceiversolution\positionersimulation\release\otcabcontrol.obj
e:\emulator_system\scb_solution\scbemulator\canbustransceiversolution\positionersimulation\release\otcxyzcontrol.obj
e:\emulator_system\scb_solution\scbemulator\canbustransceiversolution\positionersimulation\release\tablecontrol.obj
e:\emulator_system\scb_solution\scbemulator\canbustransceiversolution\positionersimulation\release\wallstandcontrol.obj
e:\emulator_system\scb_solution\scbemulator\canbustransceiversolution\positionersimulation\release\vc90.pdb
e:\emulator_system\scb_solution\scbemulator\canbustransceiversolution\release\positionersimulation.dll
e:\emulator_system\scb_solution\scbemulator\canbustransceiversolution\positionersimulation\release\positionersimulation.dll.intermediate.manifest
e:\emulator_system\scb_solution\scbemulator\canbustransceiversolution\release\positionersimulation.pdb
e:\emulator_system\scb_solution\scbemulator\canbustransceiversolution\positionersimulation\release\app.res
e:\emulator_system\scb_solution\scbemulator\canbustransceiversolution\positionersimulation\release\positionersimulation.vcxprojresolveassemblyreference.cache
e:\emulator_system\scb_solution\scbemulator\canbustransceiversolution\positionersimulation\release\cl.command.1.tlog
e:\emulator_system\scb_solution\scbemulator\canbustransceiversolution\positionersimulation\release\cl.read.1.tlog
e:\emulator_system\scb_solution\scbemulator\canbustransceiversolution\positionersimulation\release\cl.write.1.tlog
e:\emulator_system\scb_solution\scbemulator\canbustransceiversolution\positionersimulation\release\link-cvtres.read.1.tlog
e:\emulator_system\scb_solution\scbemulator\canbustransceiversolution\positionersimulation\release\link-cvtres.write.1.tlog
e:\emulator_system\scb_solution\scbemulator\canbustransceiversolution\positionersimulation\release\link.command.1.tlog
e:\emulator_system\scb_solution\scbemulator\canbustransceiversolution\positionersimulation\release\link.read.1.tlog
e:\emulator_system\scb_solution\scbemulator\canbustransceiversolution\positionersimulation\release\link.write.1.tlog
e:\emulator_system\scb_solution\scbemulator\canbustransceiversolution\positionersimulation\release\mt.command.1.tlog
e:\emulator_system\scb_solution\scbemulator\canbustransceiversolution\positionersimulation\release\mt.read.1.tlog
e:\emulator_system\scb_solution\scbemulator\canbustransceiversolution\positionersimulation\release\mt.write.1.tlog
e:\emulator_system\scb_solution\scbemulator\canbustransceiversolution\positionersimulation\release\positionersimulation.write.1.tlog
e:\emulator_system\scb_solution\scbemulator\canbustransceiversolution\positionersimulation\release\rc.command.1.tlog
e:\emulator_system\scb_solution\scbemulator\canbustransceiversolution\positionersimulation\release\rc.read.1.tlog
e:\emulator_system\scb_solution\scbemulator\canbustransceiversolution\positionersimulation\release\rc.write.1.tlog
