Build started 1/8/2015 12:20:57 PM.
     1>Project "H:\CanBusTransceiverSolution\CanBusTransceiver\CanBusTransceiver.vcxproj" on node 2 (Rebuild target(s)).
     1>ClCompile:
         D:\Program Files (x86)\Microsoft Visual Studio 12.0\VC\bin\x86_amd64\CL.exe /c /Zi /nologo /W3 /WX- /sdl /O2 /Oi /GL /D WIN32 /D NDEBUG /D _WINDOWS /D _USRDLL /D CANBUSTRANSCEIVER_EXPORTS /D _WINDLL /D _UNICODE /D UNICODE /Gm- /EHsc /MD /GS /Gy /fp:precise /Zc:wchar_t /Zc:forScope /Yc"stdafx.h" /Fp"x64\Release\CanBusTransceiver.pch" /Fo"x64\Release\\" /Fd"x64\Release\vc120.pdb" /Gd /TP /errorReport:prompt stdafx.cpp
         stdafx.cpp
         D:\Program Files (x86)\Microsoft Visual Studio 12.0\VC\bin\x86_amd64\CL.exe /c /Zi /nologo /W3 /WX- /sdl /O2 /Oi /GL /D WIN32 /D NDEBUG /D _WINDOWS /D _USRDLL /D CANBUSTRANSCEIVER_EXPORTS /D _WINDLL /D _UNICODE /D UNICODE /Gm- /EHsc /MD /GS /Gy /fp:precise /Zc:wchar_t /Zc:forScope /Yu"stdafx.h" /Fp"x64\Release\CanBusTransceiver.pch" /Fo"x64\Release\\" /Fd"x64\Release\vc120.pdb" /Gd /TP /errorReport:prompt CanBusTransceiver.cpp
         CanBusTransceiver.cpp
         D:\Program Files (x86)\Microsoft Visual Studio 12.0\VC\bin\x86_amd64\CL.exe /c /Zi /nologo /W3 /WX- /sdl /O2 /Oi /GL /D WIN32 /D NDEBUG /D _WINDOWS /D _USRDLL /D CANBUSTRANSCEIVER_EXPORTS /D _WINDLL /D _UNICODE /D UNICODE /Gm- /EHsc /MD /GS /Gy /fp:precise /Zc:wchar_t /Zc:forScope /Fo"x64\Release\\" /Fd"x64\Release\vc120.pdb" /Gd /TP /errorReport:prompt dllmain.cpp
         dllmain.cpp
       Link:
         D:\Program Files (x86)\Microsoft Visual Studio 12.0\VC\bin\x86_amd64\link.exe /ERRORREPORT:PROMPT /OUT:"H:\CanBusTransceiverSolution\x64\Release\CanBusTransceiver.dll" /INCREMENTAL:NO /NOLOGO ControlCAN.lib kernel32.lib user32.lib gdi32.lib winspool.lib comdlg32.lib advapi32.lib shell32.lib ole32.lib oleaut32.lib uuid.lib odbc32.lib odbccp32.lib /MANIFEST /MANIFESTUAC:"level='asInvoker' uiAccess='false'" /manifest:embed /DEBUG /PDB:"H:\CanBusTransceiverSolution\x64\Release\CanBusTransceiver.pdb" /SUBSYSTEM:WINDOWS /OPT:REF /OPT:ICF /LTCG /TLBID:1 /DYNAMICBASE /NXCOMPAT /IMPLIB:"H:\CanBusTransceiverSolution\x64\Release\CanBusTransceiver.lib" /MACHINE:X64 /DLL x64\Release\CanBusTransceiver.obj
         x64\Release\dllmain.obj
         x64\Release\stdafx.obj
            Creating library H:\CanBusTransceiverSolution\x64\Release\CanBusTransceiver.lib and object H:\CanBusTransceiverSolution\x64\Release\CanBusTransceiver.exp
     1>CanBusTransceiver.obj : error LNK2001: unresolved external symbol VCI_InitCAN
     1>CanBusTransceiver.obj : error LNK2001: unresolved external symbol VCI_StartCAN
     1>CanBusTransceiver.obj : error LNK2001: unresolved external symbol VCI_Transmit
     1>CanBusTransceiver.obj : error LNK2001: unresolved external symbol VCI_GetReceiveNum
     1>CanBusTransceiver.obj : error LNK2001: unresolved external symbol VCI_Receive
     1>CanBusTransceiver.obj : error LNK2001: unresolved external symbol VCI_OpenDevice
     1>CanBusTransceiver.obj : error LNK2001: unresolved external symbol VCI_CloseDevice
     1>H:\CanBusTransceiverSolution\x64\Release\CanBusTransceiver.dll : fatal error LNK1120: 7 unresolved externals
     1>Done Building Project "H:\CanBusTransceiverSolution\CanBusTransceiver\CanBusTransceiver.vcxproj" (Rebuild target(s)) -- FAILED.

Build FAILED.

Time Elapsed 00:00:02.80
